D:\Лекции\ШАГ Programms\ExaminationPaper_OOP\ExaminationPaper.v.1.0 = 22 461 337 bytes
D:\Лекции\ШАГ Programms\ExaminationPaper_OOP\ExaminationPaper.v.1.0\x64 = 20 857 356 bytes
D:\Лекции\ШАГ Programms\ExaminationPaper_OOP\ExaminationPaper.v.1.0\x64\Release = 11 017 500 bytes
D:\Лекции\ШАГ Programms\ExaminationPaper_OOP\ExaminationPaper.v.1.0\x64\Release\client.obj = 2 131 187 bytes
D:\Лекции\ШАГ Programms\ExaminationPaper_OOP\ExaminationPaper.v.1.0\x64\Release\Node.obj = 2 024 111 bytes
D:\Лекции\ШАГ Programms\ExaminationPaper_OOP\ExaminationPaper.v.1.0\x64\Release\Tree.obj = 2 000 146 bytes
D:\Лекции\ШАГ Programms\ExaminationPaper_OOP\ExaminationPaper.v.1.0\x64\Release\DirNode.obj = 1 979 665 bytes
D:\Лекции\ШАГ Programms\ExaminationPaper_OOP\ExaminationPaper.v.1.0\x64\Release\main.obj = 1 214 411 bytes
D:\Лекции\ШАГ Programms\ExaminationPaper_OOP\ExaminationPaper.v.1.0\x64\Release\vc142.pdb = 1 077 248 bytes
D:\Лекции\ШАГ Programms\ExaminationPaper_OOP\ExaminationPaper.v.1.0\x64\Release\FileNode.obj = 393 045 bytes
D:\Лекции\ШАГ Programms\ExaminationPaper_OOP\ExaminationPaper.v.1.0\x64\Release\Examinat.b66eeb67.tlog = 196 902 bytes
D:\Лекции\ШАГ Programms\ExaminationPaper_OOP\ExaminationPaper.v.1.0\x64\Release\Examinat.b66eeb67.tlog\CL.read.1.tlog = 175 096 bytes
D:\Лекции\ШАГ Programms\ExaminationPaper_OOP\ExaminationPaper.v.1.0\x64\Release\Examinat.b66eeb67.tlog\link.read.1.tlog = 6 206 bytes
D:\Лекции\ШАГ Programms\ExaminationPaper_OOP\ExaminationPaper.v.1.0\x64\Release\Examinat.b66eeb67.tlog\CL.command.1.tlog = 5 342 bytes
D:\Лекции\ШАГ Programms\ExaminationPaper_OOP\ExaminationPaper.v.1.0\x64\Release\Examinat.b66eeb67.tlog\CL.write.1.tlog = 4 936 bytes
D:\Лекции\ШАГ Programms\ExaminationPaper_OOP\ExaminationPaper.v.1.0\x64\Release\Examinat.b66eeb67.tlog\link.command.1.tlog = 2 856 bytes
D:\Лекции\ШАГ Programms\ExaminationPaper_OOP\ExaminationPaper.v.1.0\x64\Release\Examinat.b66eeb67.tlog\link.write.1.tlog = 1 640 bytes
D:\Лекции\ШАГ Programms\ExaminationPaper_OOP\ExaminationPaper.v.1.0\x64\Release\Examinat.b66eeb67.tlog\ExaminationPaper.v.1.0.write.1u.tlog = 626 bytes
D:\Лекции\ШАГ Programms\ExaminationPaper_OOP\ExaminationPaper.v.1.0\x64\Release\Examinat.b66eeb67.tlog\ExaminationPaper.v.1.0.lastbuildstate = 200 bytes
D:\Лекции\ШАГ Programms\ExaminationPaper_OOP\ExaminationPaper.v.1.0\x64\Release\ExaminationPaper.v.1.0.log = 435 bytes
D:\Лекции\ШАГ Programms\ExaminationPaper_OOP\ExaminationPaper.v.1.0\x64\Release\ExaminationPaper.v.1.0.exe.recipe = 350 bytes
D:\Лекции\ШАГ Programms\ExaminationPaper_OOP\ExaminationPaper.v.1.0\x64\Debug = 9 839 856 bytes
D:\Лекции\ШАГ Programms\ExaminationPaper_OOP\ExaminationPaper.v.1.0\x64\Debug\ExaminationPaper.v.1.0.ilk = 2 534 200 bytes
D:\Лекции\ШАГ Programms\ExaminationPaper_OOP\ExaminationPaper.v.1.0\x64\Debug\vc142.pdb = 1 585 152 bytes
D:\Лекции\ШАГ Programms\ExaminationPaper_OOP\ExaminationPaper.v.1.0\x64\Debug\Tree.obj = 1 104 077 bytes
D:\Лекции\ШАГ Programms\ExaminationPaper_OOP\ExaminationPaper.v.1.0\x64\Debug\vc143.pdb = 1 077 248 bytes
D:\Лекции\ШАГ Programms\ExaminationPaper_OOP\ExaminationPaper.v.1.0\x64\Debug\vc143.idb = 846 848 bytes
D:\Лекции\ШАГ Programms\ExaminationPaper_OOP\ExaminationPaper.v.1.0\x64\Debug\client.obj = 594 575 bytes
D:\Лекции\ШАГ Programms\ExaminationPaper_OOP\ExaminationPaper.v.1.0\x64\Debug\vc142.idb = 592 896 bytes
D:\Лекции\ШАГ Programms\ExaminationPaper_OOP\ExaminationPaper.v.1.0\x64\Debug\DirNode.obj = 548 323 bytes
D:\Лекции\ШАГ Programms\ExaminationPaper_OOP\ExaminationPaper.v.1.0\x64\Debug\Node.obj = 418 180 bytes
D:\Лекции\ШАГ Programms\ExaminationPaper_OOP\ExaminationPaper.v.1.0\x64\Debug\Examinat.b66eeb67.tlog = 240 085 bytes
D:\Лекции\ШАГ Programms\ExaminationPaper_OOP\ExaminationPaper.v.1.0\x64\Debug\Examinat.b66eeb67.tlog\CL.read.1.tlog = 181 518 bytes
D:\Лекции\ШАГ Programms\ExaminationPaper_OOP\ExaminationPaper.v.1.0\x64\Debug\Examinat.b66eeb67.tlog\CL.command.1.tlog = 30 376 bytes
D:\Лекции\ШАГ Programms\ExaminationPaper_OOP\ExaminationPaper.v.1.0\x64\Debug\Examinat.b66eeb67.tlog\link.command.1.tlog = 14 600 bytes
D:\Лекции\ШАГ Programms\ExaminationPaper_OOP\ExaminationPaper.v.1.0\x64\Debug\Examinat.b66eeb67.tlog\link.read.1.tlog = 5 718 bytes
D:\Лекции\ШАГ Programms\ExaminationPaper_OOP\ExaminationPaper.v.1.0\x64\Debug\Examinat.b66eeb67.tlog\CL.write.1.tlog = 4 962 bytes
D:\Лекции\ШАГ Programms\ExaminationPaper_OOP\ExaminationPaper.v.1.0\x64\Debug\Examinat.b66eeb67.tlog\link.write.1.tlog = 1 612 bytes
D:\Лекции\ШАГ Programms\ExaminationPaper_OOP\ExaminationPaper.v.1.0\x64\Debug\Examinat.b66eeb67.tlog\Cl.items.tlog = 1 116 bytes
D:\Лекции\ШАГ Programms\ExaminationPaper_OOP\ExaminationPaper.v.1.0\x64\Debug\Examinat.b66eeb67.tlog\ExaminationPaper.v.1.0.lastbuildstate = 183 bytes
D:\Лекции\ШАГ Programms\ExaminationPaper_OOP\ExaminationPaper.v.1.0\x64\Debug\main.obj = 130 381 bytes
D:\Лекции\ШАГ Programms\ExaminationPaper_OOP\ExaminationPaper.v.1.0\x64\Debug\Filesystem.obj = 113 307 bytes
D:\Лекции\ШАГ Programms\ExaminationPaper_OOP\ExaminationPaper.v.1.0\x64\Debug\FileNode.obj = 54 120 bytes
D:\Лекции\ШАГ Programms\ExaminationPaper_OOP\ExaminationPaper.v.1.0\x64\Debug\ExaminationPaper.v.1.0.exe.recipe = 333 bytes
D:\Лекции\ШАГ Programms\ExaminationPaper_OOP\ExaminationPaper.v.1.0\x64\Debug\ExaminationPaper.v.1.0.log = 131 bytes
D:\Лекции\ШАГ Programms\ExaminationPaper_OOP\ExaminationPaper.v.1.0\Debug = 1 575 913 bytes
D:\Лекции\ШАГ Programms\ExaminationPaper_OOP\ExaminationPaper.v.1.0\Debug\vc142.pdb = 667 648 bytes
D:\Лекции\ШАГ Programms\ExaminationPaper_OOP\ExaminationPaper.v.1.0\Debug\vc142.idb = 297 984 bytes
D:\Лекции\ШАГ Programms\ExaminationPaper_OOP\ExaminationPaper.v.1.0\Debug\Examinat.b66eeb67.tlog = 173 730 bytes
D:\Лекции\ШАГ Programms\ExaminationPaper_OOP\ExaminationPaper.v.1.0\Debug\Examinat.b66eeb67.tlog\CL.read.1.tlog = 143 732 bytes
D:\Лекции\ШАГ Programms\ExaminationPaper_OOP\ExaminationPaper.v.1.0\Debug\Examinat.b66eeb67.tlog\CL.write.1.tlog = 12 522 bytes
D:\Лекции\ШАГ Programms\ExaminationPaper_OOP\ExaminationPaper.v.1.0\Debug\Examinat.b66eeb67.tlog\CL.command.1.tlog = 6 862 bytes
D:\Лекции\ШАГ Programms\ExaminationPaper_OOP\ExaminationPaper.v.1.0\Debug\Examinat.b66eeb67.tlog\link.read.1.tlog = 5 998 bytes
D:\Лекции\ШАГ Programms\ExaminationPaper_OOP\ExaminationPaper.v.1.0\Debug\Examinat.b66eeb67.tlog\link.command.1.tlog = 2 684 bytes
D:\Лекции\ШАГ Programms\ExaminationPaper_OOP\ExaminationPaper.v.1.0\Debug\Examinat.b66eeb67.tlog\link.write.1.tlog = 1 752 bytes
D:\Лекции\ШАГ Programms\ExaminationPaper_OOP\ExaminationPaper.v.1.0\Debug\Examinat.b66eeb67.tlog\ExaminationPaper.v.1.0.lastbuildstate = 180 bytes
D:\Лекции\ШАГ Programms\ExaminationPaper_OOP\ExaminationPaper.v.1.0\Debug\client.obj = 133 127 bytes
D:\Лекции\ШАГ Programms\ExaminationPaper_OOP\ExaminationPaper.v.1.0\Debug\Data.obj = 61 357 bytes
D:\Лекции\ШАГ Programms\ExaminationPaper_OOP\ExaminationPaper.v.1.0\Debug\Filesystem.obj = 46 753 bytes
D:\Лекции\ШАГ Programms\ExaminationPaper_OOP\ExaminationPaper.v.1.0\Debug\Tree.obj = 46 479 bytes
D:\Лекции\ШАГ Programms\ExaminationPaper_OOP\ExaminationPaper.v.1.0\Debug\DirNode.obj = 41 209 bytes
D:\Лекции\ШАГ Programms\ExaminationPaper_OOP\ExaminationPaper.v.1.0\Debug\Node.obj = 37 618 bytes
D:\Лекции\ШАГ Programms\ExaminationPaper_OOP\ExaminationPaper.v.1.0\Debug\main.obj = 34 744 bytes
D:\Лекции\ШАГ Programms\ExaminationPaper_OOP\ExaminationPaper.v.1.0\Debug\FileNode.obj = 34 588 bytes
D:\Лекции\ШАГ Programms\ExaminationPaper_OOP\ExaminationPaper.v.1.0\Debug\ExaminationPaper.v.1.0.log = 352 bytes
D:\Лекции\ШАГ Programms\ExaminationPaper_OOP\ExaminationPaper.v.1.0\Debug\ExaminationPaper.v.1.0.exe.recipe = 324 bytes
D:\Лекции\ШАГ Programms\ExaminationPaper_OOP\ExaminationPaper.v.1.0\Filesystem.log = 9 205 bytes
D:\Лекции\ШАГ Programms\ExaminationPaper_OOP\ExaminationPaper.v.1.0\ExaminationPaper.v.1.0.vcxproj = 7 783 bytes
D:\Лекции\ШАГ Programms\ExaminationPaper_OOP\ExaminationPaper.v.1.0\ExaminationPaper.v.1.0.vcxproj.filters = 1 926 bytes
D:\Лекции\ШАГ Programms\ExaminationPaper_OOP\ExaminationPaper.v.1.0\client.cpp = 1 603 bytes
D:\Лекции\ШАГ Programms\ExaminationPaper_OOP\ExaminationPaper.v.1.0\Tree.cpp = 1 557 bytes
D:\Лекции\ШАГ Programms\ExaminationPaper_OOP\ExaminationPaper.v.1.0\Node.cpp = 1 283 bytes
D:\Лекции\ШАГ Programms\ExaminationPaper_OOP\ExaminationPaper.v.1.0\Node.h = 1 024 bytes
D:\Лекции\ШАГ Programms\ExaminationPaper_OOP\ExaminationPaper.v.1.0\main.cpp = 1 013 bytes
D:\Лекции\ШАГ Programms\ExaminationPaper_OOP\ExaminationPaper.v.1.0\client.h = 909 bytes
D:\Лекции\ШАГ Programms\ExaminationPaper_OOP\ExaminationPaper.v.1.0\Tree.h = 500 bytes
D:\Лекции\ШАГ Programms\ExaminationPaper_OOP\ExaminationPaper.v.1.0\DirNode.cpp = 386 bytes
D:\Лекции\ШАГ Programms\ExaminationPaper_OOP\ExaminationPaper.v.1.0\ExaminationPaper.v.1.0.vcxproj.user = 376 bytes
D:\Лекции\ШАГ Programms\ExaminationPaper_OOP\ExaminationPaper.v.1.0\DirNode.h = 300 bytes
D:\Лекции\ШАГ Programms\ExaminationPaper_OOP\ExaminationPaper.v.1.0\FileNode.h = 182 bytes
D:\Лекции\ШАГ Programms\ExaminationPaper_OOP\ExaminationPaper.v.1.0\FileNode.cpp = 21 bytes
